[0.708s] Invoking command in '/home/kimjunil/ros2_ws/build/my_first_ros_pkg': PYTHONPATH=/home/kimjunil/ros2_ws/build/my_first_ros_pkg/prefix_override:/usr/lib/python3/dist-packages/colcon_core/task/python/colcon_distutils_commands:/home/kimjunil/ros2_ws/install/my_first_ros_pkg/lib/python3.10/site-packages:${PYTHONPATH} /usr/bin/python3 -W ignore:setup.py install is deprecated setup.py develop --editable --build-directory /home/kimjunil/ros2_ws/build/my_first_ros_pkg/build --no-deps symlink_data
[0.905s] running develop
[1.014s] running egg_info
[1.014s] writing my_first_ros_pkg.egg-info/PKG-INFO
[1.015s] writing dependency_links to my_first_ros_pkg.egg-info/dependency_links.txt
[1.015s] writing entry points to my_first_ros_pkg.egg-info/entry_points.txt
[1.015s] writing requirements to my_first_ros_pkg.egg-info/requires.txt
[1.015s] writing top-level names to my_first_ros_pkg.egg-info/top_level.txt
[1.017s] reading manifest file 'my_first_ros_pkg.egg-info/SOURCES.txt'
[1.018s] writing manifest file 'my_first_ros_pkg.egg-info/SOURCES.txt'
[1.018s] running build_ext
[1.018s] Creating /home/kimjunil/ros2_ws/install/my_first_ros_pkg/lib/python3.10/site-packages/my-first-ros-pkg.egg-link (link to .)
[1.019s] Installing my_first_action_client script to /home/kimjunil/ros2_ws/install/my_first_ros_pkg/lib/my_first_ros_pkg
[1.019s] Installing my_first_action_server script to /home/kimjunil/ros2_ws/install/my_first_ros_pkg/lib/my_first_ros_pkg
[1.019s] Installing my_first_parameter script to /home/kimjunil/ros2_ws/install/my_first_ros_pkg/lib/my_first_ros_pkg
[1.019s] Installing my_first_publisher_node script to /home/kimjunil/ros2_ws/install/my_first_ros_pkg/lib/my_first_ros_pkg
[1.019s] Installing my_first_service_client script to /home/kimjunil/ros2_ws/install/my_first_ros_pkg/lib/my_first_ros_pkg
[1.020s] Installing my_first_service_server script to /home/kimjunil/ros2_ws/install/my_first_ros_pkg/lib/my_first_ros_pkg
[1.020s] Installing my_first_subscriber_node script to /home/kimjunil/ros2_ws/install/my_first_ros_pkg/lib/my_first_ros_pkg
[1.020s] 
[1.020s] Installed /home/kimjunil/ros2_ws/build/my_first_ros_pkg
[1.020s] running symlink_data
[1.068s] Invoked command in '/home/kimjunil/ros2_ws/build/my_first_ros_pkg' returned '0': PYTHONPATH=/home/kimjunil/ros2_ws/build/my_first_ros_pkg/prefix_override:/usr/lib/python3/dist-packages/colcon_core/task/python/colcon_distutils_commands:/home/kimjunil/ros2_ws/install/my_first_ros_pkg/lib/python3.10/site-packages:${PYTHONPATH} /usr/bin/python3 -W ignore:setup.py install is deprecated setup.py develop --editable --build-directory /home/kimjunil/ros2_ws/build/my_first_ros_pkg/build --no-deps symlink_data
