running develop
running egg_info
creating ros2_pro.egg-info
writing ros2_pro.egg-info/PKG-INFO
writing dependency_links to ros2_pro.egg-info/dependency_links.txt
writing entry points to ros2_pro.egg-info/entry_points.txt
writing requirements to ros2_pro.egg-info/requires.txt
writing top-level names to ros2_pro.egg-info/top_level.txt
writing manifest file 'ros2_pro.egg-info/SOURCES.txt'
reading manifest file 'ros2_pro.egg-info/SOURCES.txt'
writing manifest file 'ros2_pro.egg-info/SOURCES.txt'
running build_ext
Creating /home/kimjunil/ros2_ws/install/ros2_pro/lib/python3.10/site-packages/ros2-pro.egg-link (link to .)

Installed /home/kimjunil/ros2_ws/build/ros2_pro
running symlink_data
creating /home/kimjunil/ros2_ws/install/ros2_pro/share/ament_index
creating /home/kimjunil/ros2_ws/install/ros2_pro/share/ament_index/resource_index
creating /home/kimjunil/ros2_ws/install/ros2_pro/share/ament_index/resource_index/packages
symbolically linking /home/kimjunil/ros2_ws/build/ros2_pro/resource/ros2_pro -> /home/kimjunil/ros2_ws/install/ros2_pro/share/ament_index/resource_index/packages
symbolically linking /home/kimjunil/ros2_ws/build/ros2_pro/package.xml -> /home/kimjunil/ros2_ws/install/ros2_pro/share/ros2_pro
