[0.625s] Invoking command in '/home/kimjunil/ros2_ws/build/ros2_pro': PYTHONPATH=/home/kimjunil/ros2_ws/build/ros2_pro/prefix_override:/usr/lib/python3/dist-packages/colcon_core/task/python/colcon_distutils_commands:/home/kimjunil/ros2_ws/install/ros2_pro/lib/python3.10/site-packages:${PYTHONPATH} /usr/bin/python3 -W ignore:setup.py install is deprecated setup.py develop --editable --build-directory /home/kimjunil/ros2_ws/build/ros2_pro/build --no-deps symlink_data
[0.798s] running develop
[0.900s] running egg_info
[0.900s] writing ros2_pro.egg-info/PKG-INFO
[0.901s] writing dependency_links to ros2_pro.egg-info/dependency_links.txt
[0.901s] writing entry points to ros2_pro.egg-info/entry_points.txt
[0.901s] writing requirements to ros2_pro.egg-info/requires.txt
[0.901s] writing top-level names to ros2_pro.egg-info/top_level.txt
[0.902s] reading manifest file 'ros2_pro.egg-info/SOURCES.txt'
[0.902s] writing manifest file 'ros2_pro.egg-info/SOURCES.txt'
[0.903s] running build_ext
[0.903s] Creating /home/kimjunil/ros2_ws/install/ros2_pro/lib/python3.10/site-packages/ros2-pro.egg-link (link to .)
[0.904s] Installing action_client script to /home/kimjunil/ros2_ws/install/ros2_pro/lib/ros2_pro
[0.904s] Installing action_server script to /home/kimjunil/ros2_ws/install/ros2_pro/lib/ros2_pro
[0.904s] Installing follow_wall script to /home/kimjunil/ros2_ws/install/ros2_pro/lib/ros2_pro
[0.904s] Installing publisher script to /home/kimjunil/ros2_ws/install/ros2_pro/lib/ros2_pro
[0.904s] Installing service_client script to /home/kimjunil/ros2_ws/install/ros2_pro/lib/ros2_pro
[0.904s] Installing service_server script to /home/kimjunil/ros2_ws/install/ros2_pro/lib/ros2_pro
[0.904s] Installing subscriber script to /home/kimjunil/ros2_ws/install/ros2_pro/lib/ros2_pro
[0.904s] Installing turtle_move script to /home/kimjunil/ros2_ws/install/ros2_pro/lib/ros2_pro
[0.904s] 
[0.905s] Installed /home/kimjunil/ros2_ws/build/ros2_pro
[0.905s] running symlink_data
[0.935s] Invoked command in '/home/kimjunil/ros2_ws/build/ros2_pro' returned '0': PYTHONPATH=/home/kimjunil/ros2_ws/build/ros2_pro/prefix_override:/usr/lib/python3/dist-packages/colcon_core/task/python/colcon_distutils_commands:/home/kimjunil/ros2_ws/install/ros2_pro/lib/python3.10/site-packages:${PYTHONPATH} /usr/bin/python3 -W ignore:setup.py install is deprecated setup.py develop --editable --build-directory /home/kimjunil/ros2_ws/build/ros2_pro/build --no-deps symlink_data
