[0.436s] Invoking command in '/home/kimjunil/ros2_ws/build/my_first_ros_pkg': PYTHONPATH=/home/kimjunil/ros2_ws/build/my_first_ros_pkg/prefix_override:/usr/lib/python3/dist-packages/colcon_core/task/python/colcon_distutils_commands:/home/kimjunil/ros2_ws/install/my_first_ros_pkg/lib/python3.10/site-packages:${PYTHONPATH} /usr/bin/python3 -W ignore:setup.py install is deprecated setup.py develop --editable --build-directory /home/kimjunil/ros2_ws/build/my_first_ros_pkg/build --no-deps symlink_data
[0.607s] running develop
[0.703s] running egg_info
[0.703s] creating my_first_ros_pkg.egg-info
[0.703s] writing my_first_ros_pkg.egg-info/PKG-INFO
[0.703s] writing dependency_links to my_first_ros_pkg.egg-info/dependency_links.txt
[0.703s] writing entry points to my_first_ros_pkg.egg-info/entry_points.txt
[0.703s] writing requirements to my_first_ros_pkg.egg-info/requires.txt
[0.703s] writing top-level names to my_first_ros_pkg.egg-info/top_level.txt
[0.703s] writing manifest file 'my_first_ros_pkg.egg-info/SOURCES.txt'
[0.704s] reading manifest file 'my_first_ros_pkg.egg-info/SOURCES.txt'
[0.704s] writing manifest file 'my_first_ros_pkg.egg-info/SOURCES.txt'
[0.705s] running build_ext
[0.705s] Creating /home/kimjunil/ros2_ws/install/my_first_ros_pkg/lib/python3.10/site-packages/my-first-ros-pkg.egg-link (link to .)
[0.706s] 
[0.706s] Installed /home/kimjunil/ros2_ws/build/my_first_ros_pkg
[0.706s] running symlink_data
[0.706s] creating /home/kimjunil/ros2_ws/install/my_first_ros_pkg/share/ament_index
[0.706s] creating /home/kimjunil/ros2_ws/install/my_first_ros_pkg/share/ament_index/resource_index
[0.706s] creating /home/kimjunil/ros2_ws/install/my_first_ros_pkg/share/ament_index/resource_index/packages
[0.706s] symbolically linking /home/kimjunil/ros2_ws/build/my_first_ros_pkg/resource/my_first_ros_pkg -> /home/kimjunil/ros2_ws/install/my_first_ros_pkg/share/ament_index/resource_index/packages
[0.706s] symbolically linking /home/kimjunil/ros2_ws/build/my_first_ros_pkg/package.xml -> /home/kimjunil/ros2_ws/install/my_first_ros_pkg/share/my_first_ros_pkg
[0.726s] Invoked command in '/home/kimjunil/ros2_ws/build/my_first_ros_pkg' returned '0': PYTHONPATH=/home/kimjunil/ros2_ws/build/my_first_ros_pkg/prefix_override:/usr/lib/python3/dist-packages/colcon_core/task/python/colcon_distutils_commands:/home/kimjunil/ros2_ws/install/my_first_ros_pkg/lib/python3.10/site-packages:${PYTHONPATH} /usr/bin/python3 -W ignore:setup.py install is deprecated setup.py develop --editable --build-directory /home/kimjunil/ros2_ws/build/my_first_ros_pkg/build --no-deps symlink_data
