[0.640s] Invoking command in '/home/kimjunil/ros2_ws/build/my_first_ros_pkg': PYTHONPATH=/home/kimjunil/ros2_ws/build/my_first_ros_pkg/prefix_override:/usr/lib/python3/dist-packages/colcon_core/task/python/colcon_distutils_commands:/home/kimjunil/ros2_ws/install/my_first_ros_pkg/lib/python3.10/site-packages:${PYTHONPATH} /usr/bin/python3 -W ignore:setup.py install is deprecated setup.py develop --editable --build-directory /home/kimjunil/ros2_ws/build/my_first_ros_pkg/build --no-deps symlink_data
[0.819s] running develop
[0.923s] running egg_info
[0.923s] writing my_first_ros_pkg.egg-info/PKG-INFO
[0.923s] writing dependency_links to my_first_ros_pkg.egg-info/dependency_links.txt
[0.923s] writing entry points to my_first_ros_pkg.egg-info/entry_points.txt
[0.924s] writing requirements to my_first_ros_pkg.egg-info/requires.txt
[0.924s] writing top-level names to my_first_ros_pkg.egg-info/top_level.txt
[0.925s] reading manifest file 'my_first_ros_pkg.egg-info/SOURCES.txt'
[0.925s] writing manifest file 'my_first_ros_pkg.egg-info/SOURCES.txt'
[0.927s] running build_ext
[0.927s] Creating /home/kimjunil/ros2_ws/install/my_first_ros_pkg/lib/python3.10/site-packages/my-first-ros-pkg.egg-link (link to .)
[0.927s] Installing my_first_action_client script to /home/kimjunil/ros2_ws/install/my_first_ros_pkg/lib/my_first_ros_pkg
[0.927s] Installing my_first_action_server script to /home/kimjunil/ros2_ws/install/my_first_ros_pkg/lib/my_first_ros_pkg
[0.928s] Installing my_first_parameter script to /home/kimjunil/ros2_ws/install/my_first_ros_pkg/lib/my_first_ros_pkg
[0.928s] Installing my_first_publisher_node script to /home/kimjunil/ros2_ws/install/my_first_ros_pkg/lib/my_first_ros_pkg
[0.928s] Installing my_first_service_client script to /home/kimjunil/ros2_ws/install/my_first_ros_pkg/lib/my_first_ros_pkg
[0.928s] Installing my_first_service_server script to /home/kimjunil/ros2_ws/install/my_first_ros_pkg/lib/my_first_ros_pkg
[0.928s] Installing my_first_subscriber_node script to /home/kimjunil/ros2_ws/install/my_first_ros_pkg/lib/my_first_ros_pkg
[0.928s] 
[0.928s] Installed /home/kimjunil/ros2_ws/build/my_first_ros_pkg
[0.928s] running symlink_data
[0.964s] Invoked command in '/home/kimjunil/ros2_ws/build/my_first_ros_pkg' returned '0': PYTHONPATH=/home/kimjunil/ros2_ws/build/my_first_ros_pkg/prefix_override:/usr/lib/python3/dist-packages/colcon_core/task/python/colcon_distutils_commands:/home/kimjunil/ros2_ws/install/my_first_ros_pkg/lib/python3.10/site-packages:${PYTHONPATH} /usr/bin/python3 -W ignore:setup.py install is deprecated setup.py develop --editable --build-directory /home/kimjunil/ros2_ws/build/my_first_ros_pkg/build --no-deps symlink_data
