[0.073s] DEBUG:colcon:Command line arguments: ['/usr/bin/colcon', 'build', '--symlink-install']
[0.073s] DEBUG:colcon:Parsed command line arguments: Namespace(log_base=None, log_level=None, verb_name='build', build_base='build', install_base='install', merge_install=False, symlink_install=True, test_result_base=None, continue_on_error=False, executor='parallel', parallel_workers=12, event_handlers=None, ignore_user_meta=False, metas=['./colcon.meta'], base_paths=['.'], packages_ignore=None, packages_ignore_regex=None, paths=None, packages_up_to=None, packages_up_to_regex=None, packages_above=None, packages_above_and_dependencies=None, packages_above_depth=None, packages_select_by_dep=None, packages_skip_by_dep=None, packages_skip_up_to=None, packages_select_build_failed=False, packages_skip_build_finished=False, packages_select_test_failures=False, packages_skip_test_passed=False, packages_select=None, packages_skip=None, packages_select_regex=None, packages_skip_regex=None, packages_start=None, packages_end=None, allow_overriding=[], cmake_args=None, cmake_target=None, cmake_target_skip_unavailable=False, cmake_clean_cache=False, cmake_clean_first=False, cmake_force_configure=False, ament_cmake_args=None, catkin_cmake_args=None, catkin_skip_building_tests=False, mixin_files=None, mixin=None, verb_parser=<colcon_mixin.mixin.mixin_argument.MixinArgumentDecorator object at 0x7717aa39f760>, verb_extension=<colcon_core.verb.build.BuildVerb object at 0x7717aa483fd0>, main=<bound method BuildVerb.main of <colcon_core.verb.build.BuildVerb object at 0x7717aa483fd0>>, mixin_verb=('build',))
[0.174s] Level 1:colcon.colcon_core.package_discovery:discover_packages(colcon_meta) check parameters
[0.174s] Level 1:colcon.colcon_core.package_discovery:discover_packages(recursive) check parameters
[0.174s] Level 1:colcon.colcon_core.package_discovery:discover_packages(ignore) check parameters
[0.174s] Level 1:colcon.colcon_core.package_discovery:discover_packages(path) check parameters
[0.174s] Level 1:colcon.colcon_core.package_discovery:discover_packages(colcon_meta) discover
[0.174s] Level 1:colcon.colcon_core.package_discovery:discover_packages(recursive) discover
[0.174s] INFO:colcon.colcon_core.package_discovery:Crawling recursively for packages in '/home/kimjunil/ros2_ws'
[0.174s] Level 1:colcon.colcon_core.package_identification:_identify(.) by extensions ['ignore', 'ignore_ament_install']
[0.174s] Level 1:colcon.colcon_core.package_identification:_identify(.) by extension 'ignore'
[0.174s] Level 1:colcon.colcon_core.package_identification:_identify(.) by extension 'ignore_ament_install'
[0.174s] Level 1:colcon.colcon_core.package_identification:_identify(.) by extensions ['colcon_pkg']
[0.174s] Level 1:colcon.colcon_core.package_identification:_identify(.) by extension 'colcon_pkg'
[0.174s] Level 1:colcon.colcon_core.package_identification:_identify(.) by extensions ['colcon_meta']
[0.174s] Level 1:colcon.colcon_core.package_identification:_identify(.) by extension 'colcon_meta'
[0.174s] Level 1:colcon.colcon_core.package_identification:_identify(.) by extensions ['ros']
[0.174s] Level 1:colcon.colcon_core.package_identification:_identify(.) by extension 'ros'
[0.181s] Level 1:colcon.colcon_core.package_identification:_identify(.) by extensions ['cmake', 'python']
[0.182s] Level 1:colcon.colcon_core.package_identification:_identify(.) by extension 'cmake'
[0.182s] Level 1:colcon.colcon_core.package_identification:_identify(.) by extension 'python'
[0.182s] Level 1:colcon.colcon_core.package_identification:_identify(.) by extensions ['python_setup_py']
[0.182s] Level 1:colcon.colcon_core.package_identification:_identify(.) by extension 'python_setup_py'
[0.182s] Level 1:colcon.colcon_core.package_identification:_identify(build) by extensions ['ignore', 'ignore_ament_install']
[0.182s] Level 1:colcon.colcon_core.package_identification:_identify(build) by extension 'ignore'
[0.182s] Level 1:colcon.colcon_core.package_identification:_identify(build) ignored
[0.182s] Level 1:colcon.colcon_core.package_identification:_identify(install) by extensions ['ignore', 'ignore_ament_install']
[0.182s] Level 1:colcon.colcon_core.package_identification:_identify(install) by extension 'ignore'
[0.182s] Level 1:colcon.colcon_core.package_identification:_identify(install) ignored
[0.182s] Level 1:colcon.colcon_core.package_identification:_identify(log) by extensions ['ignore', 'ignore_ament_install']
[0.182s] Level 1:colcon.colcon_core.package_identification:_identify(log) by extension 'ignore'
[0.182s] Level 1:colcon.colcon_core.package_identification:_identify(log) ignored
[0.182s] Level 1:colcon.colcon_core.package_identification:_identify(src) by extensions ['ignore', 'ignore_ament_install']
[0.182s] Level 1:colcon.colcon_core.package_identification:_identify(src) by extension 'ignore'
[0.183s] Level 1:colcon.colcon_core.package_identification:_identify(src) by extension 'ignore_ament_install'
[0.183s] Level 1:colcon.colcon_core.package_identification:_identify(src) by extensions ['colcon_pkg']
[0.183s] Level 1:colcon.colcon_core.package_identification:_identify(src) by extension 'colcon_pkg'
[0.183s] Level 1:colcon.colcon_core.package_identification:_identify(src) by extensions ['colcon_meta']
[0.183s] Level 1:colcon.colcon_core.package_identification:_identify(src) by extension 'colcon_meta'
[0.183s] Level 1:colcon.colcon_core.package_identification:_identify(src) by extensions ['ros']
[0.183s] Level 1:colcon.colcon_core.package_identification:_identify(src) by extension 'ros'
[0.183s] Level 1:colcon.colcon_core.package_identification:_identify(src) by extensions ['cmake', 'python']
[0.183s] Level 1:colcon.colcon_core.package_identification:_identify(src) by extension 'cmake'
[0.183s] Level 1:colcon.colcon_core.package_identification:_identify(src) by extension 'python'
[0.183s] Level 1:colcon.colcon_core.package_identification:_identify(src) by extensions ['python_setup_py']
[0.183s] Level 1:colcon.colcon_core.package_identification:_identify(src) by extension 'python_setup_py'
[0.183s] Level 1:colcon.colcon_core.package_identification:_identify(src/my_first_ros_pkg) by extensions ['ignore', 'ignore_ament_install']
[0.183s] Level 1:colcon.colcon_core.package_identification:_identify(src/my_first_ros_pkg) by extension 'ignore'
[0.183s] Level 1:colcon.colcon_core.package_identification:_identify(src/my_first_ros_pkg) by extension 'ignore_ament_install'
[0.183s] Level 1:colcon.colcon_core.package_identification:_identify(src/my_first_ros_pkg) by extensions ['colcon_pkg']
[0.183s] Level 1:colcon.colcon_core.package_identification:_identify(src/my_first_ros_pkg) by extension 'colcon_pkg'
[0.183s] Level 1:colcon.colcon_core.package_identification:_identify(src/my_first_ros_pkg) by extensions ['colcon_meta']
[0.183s] Level 1:colcon.colcon_core.package_identification:_identify(src/my_first_ros_pkg) by extension 'colcon_meta'
[0.183s] Level 1:colcon.colcon_core.package_identification:_identify(src/my_first_ros_pkg) by extensions ['ros']
[0.183s] Level 1:colcon.colcon_core.package_identification:_identify(src/my_first_ros_pkg) by extension 'ros'
[0.185s] DEBUG:colcon.colcon_core.package_identification:Package 'src/my_first_ros_pkg' with type 'ros.ament_python' and name 'my_first_ros_pkg'
[0.185s] Level 1:colcon.colcon_core.package_identification:_identify(src/ros2_pro) by extensions ['ignore', 'ignore_ament_install']
[0.185s] Level 1:colcon.colcon_core.package_identification:_identify(src/ros2_pro) by extension 'ignore'
[0.185s] Level 1:colcon.colcon_core.package_identification:_identify(src/ros2_pro) by extension 'ignore_ament_install'
[0.185s] Level 1:colcon.colcon_core.package_identification:_identify(src/ros2_pro) by extensions ['colcon_pkg']
[0.185s] Level 1:colcon.colcon_core.package_identification:_identify(src/ros2_pro) by extension 'colcon_pkg'
[0.185s] Level 1:colcon.colcon_core.package_identification:_identify(src/ros2_pro) by extensions ['colcon_meta']
[0.185s] Level 1:colcon.colcon_core.package_identification:_identify(src/ros2_pro) by extension 'colcon_meta'
[0.185s] Level 1:colcon.colcon_core.package_identification:_identify(src/ros2_pro) by extensions ['ros']
[0.185s] Level 1:colcon.colcon_core.package_identification:_identify(src/ros2_pro) by extension 'ros'
[0.186s] DEBUG:colcon.colcon_core.package_identification:Package 'src/ros2_pro' with type 'ros.ament_python' and name 'ros2_pro'
[0.186s] Level 1:colcon.colcon_core.package_discovery:discover_packages(recursive) using defaults
[0.186s] Level 1:colcon.colcon_core.package_discovery:discover_packages(ignore) discover
[0.186s] Level 1:colcon.colcon_core.package_discovery:discover_packages(ignore) using defaults
[0.186s] Level 1:colcon.colcon_core.package_discovery:discover_packages(path) discover
[0.186s] Level 1:colcon.colcon_core.package_discovery:discover_packages(path) using defaults
[0.199s] Level 1:colcon.colcon_core.package_discovery:discover_packages(prefix_path) check parameters
[0.199s] Level 1:colcon.colcon_core.package_discovery:discover_packages(prefix_path) discover
[0.200s] DEBUG:colcon.colcon_installed_package_information.package_discovery:Found 2 installed packages in /home/kimjunil/ros2_ws/install
[0.201s] DEBUG:colcon.colcon_installed_package_information.package_discovery:Found 400 installed packages in /opt/ros/humble
[0.202s] Level 1:colcon.colcon_core.package_discovery:discover_packages(prefix_path) using defaults
[0.239s] Level 5:colcon.colcon_core.verb:set package 'my_first_ros_pkg' build argument 'cmake_args' from command line to 'None'
[0.239s] Level 5:colcon.colcon_core.verb:set package 'my_first_ros_pkg' build argument 'cmake_target' from command line to 'None'
[0.239s] Level 5:colcon.colcon_core.verb:set package 'my_first_ros_pkg' build argument 'cmake_target_skip_unavailable' from command line to 'False'
[0.239s] Level 5:colcon.colcon_core.verb:set package 'my_first_ros_pkg' build argument 'cmake_clean_cache' from command line to 'False'
[0.239s] Level 5:colcon.colcon_core.verb:set package 'my_first_ros_pkg' build argument 'cmake_clean_first' from command line to 'False'
[0.239s] Level 5:colcon.colcon_core.verb:set package 'my_first_ros_pkg' build argument 'cmake_force_configure' from command line to 'False'
[0.239s] Level 5:colcon.colcon_core.verb:set package 'my_first_ros_pkg' build argument 'ament_cmake_args' from command line to 'None'
[0.239s] Level 5:colcon.colcon_core.verb:set package 'my_first_ros_pkg' build argument 'catkin_cmake_args' from command line to 'None'
[0.239s] Level 5:colcon.colcon_core.verb:set package 'my_first_ros_pkg' build argument 'catkin_skip_building_tests' from command line to 'False'
[0.239s] DEBUG:colcon.colcon_core.verb:Building package 'my_first_ros_pkg' with the following arguments: {'ament_cmake_args': None, 'build_base': '/home/kimjunil/ros2_ws/build/my_first_ros_pkg', 'catkin_cmake_args': None, 'catkin_skip_building_tests': False, 'cmake_args': None, 'cmake_clean_cache': False, 'cmake_clean_first': False, 'cmake_force_configure': False, 'cmake_target': None, 'cmake_target_skip_unavailable': False, 'install_base': '/home/kimjunil/ros2_ws/install/my_first_ros_pkg', 'merge_install': False, 'path': '/home/kimjunil/ros2_ws/src/my_first_ros_pkg', 'symlink_install': True, 'test_result_base': None}
[0.240s] Level 5:colcon.colcon_core.verb:set package 'ros2_pro' build argument 'cmake_args' from command line to 'None'
[0.240s] Level 5:colcon.colcon_core.verb:set package 'ros2_pro' build argument 'cmake_target' from command line to 'None'
[0.240s] Level 5:colcon.colcon_core.verb:set package 'ros2_pro' build argument 'cmake_target_skip_unavailable' from command line to 'False'
[0.240s] Level 5:colcon.colcon_core.verb:set package 'ros2_pro' build argument 'cmake_clean_cache' from command line to 'False'
[0.240s] Level 5:colcon.colcon_core.verb:set package 'ros2_pro' build argument 'cmake_clean_first' from command line to 'False'
[0.240s] Level 5:colcon.colcon_core.verb:set package 'ros2_pro' build argument 'cmake_force_configure' from command line to 'False'
[0.240s] Level 5:colcon.colcon_core.verb:set package 'ros2_pro' build argument 'ament_cmake_args' from command line to 'None'
[0.240s] Level 5:colcon.colcon_core.verb:set package 'ros2_pro' build argument 'catkin_cmake_args' from command line to 'None'
[0.240s] Level 5:colcon.colcon_core.verb:set package 'ros2_pro' build argument 'catkin_skip_building_tests' from command line to 'False'
[0.240s] DEBUG:colcon.colcon_core.verb:Building package 'ros2_pro' with the following arguments: {'ament_cmake_args': None, 'build_base': '/home/kimjunil/ros2_ws/build/ros2_pro', 'catkin_cmake_args': None, 'catkin_skip_building_tests': False, 'cmake_args': None, 'cmake_clean_cache': False, 'cmake_clean_first': False, 'cmake_force_configure': False, 'cmake_target': None, 'cmake_target_skip_unavailable': False, 'install_base': '/home/kimjunil/ros2_ws/install/ros2_pro', 'merge_install': False, 'path': '/home/kimjunil/ros2_ws/src/ros2_pro', 'symlink_install': True, 'test_result_base': None}
[0.240s] INFO:colcon.colcon_core.executor:Executing jobs using 'parallel' executor
[0.240s] DEBUG:colcon.colcon_parallel_executor.executor.parallel:run_until_complete
[0.241s] INFO:colcon.colcon_ros.task.ament_python.build:Building ROS package in '/home/kimjunil/ros2_ws/src/my_first_ros_pkg' with build type 'ament_python'
[0.241s] Level 1:colcon.colcon_core.shell:create_environment_hook('my_first_ros_pkg', 'ament_prefix_path')
[0.242s] INFO:colcon.colcon_core.plugin_system:Skipping extension 'colcon_core.shell.bat': Not used on non-Windows systems
[0.242s] INFO:colcon.colcon_core.shell:Creating environment hook '/home/kimjunil/ros2_ws/install/my_first_ros_pkg/share/my_first_ros_pkg/hook/ament_prefix_path.ps1'
[0.243s] INFO:colcon.colcon_core.shell:Creating environment descriptor '/home/kimjunil/ros2_ws/install/my_first_ros_pkg/share/my_first_ros_pkg/hook/ament_prefix_path.dsv'
[0.243s] INFO:colcon.colcon_core.shell:Creating environment hook '/home/kimjunil/ros2_ws/install/my_first_ros_pkg/share/my_first_ros_pkg/hook/ament_prefix_path.sh'
[0.243s] INFO:colcon.colcon_core.shell:Skip shell extension 'powershell' for command environment: Not usable outside of PowerShell
[0.243s] DEBUG:colcon.colcon_core.shell:Skip shell extension 'dsv' for command environment
[0.245s] INFO:colcon.colcon_ros.task.ament_python.build:Building ROS package in '/home/kimjunil/ros2_ws/src/ros2_pro' with build type 'ament_python'
[0.245s] Level 1:colcon.colcon_core.shell:create_environment_hook('ros2_pro', 'ament_prefix_path')
[0.246s] INFO:colcon.colcon_core.shell:Creating environment hook '/home/kimjunil/ros2_ws/install/ros2_pro/share/ros2_pro/hook/ament_prefix_path.ps1'
[0.246s] INFO:colcon.colcon_core.shell:Creating environment descriptor '/home/kimjunil/ros2_ws/install/ros2_pro/share/ros2_pro/hook/ament_prefix_path.dsv'
[0.246s] INFO:colcon.colcon_core.shell:Creating environment hook '/home/kimjunil/ros2_ws/install/ros2_pro/share/ros2_pro/hook/ament_prefix_path.sh'
[0.247s] INFO:colcon.colcon_core.shell:Skip shell extension 'powershell' for command environment: Not usable outside of PowerShell
[0.247s] DEBUG:colcon.colcon_core.shell:Skip shell extension 'dsv' for command environment
[0.421s] INFO:colcon.colcon_core.task.python.build:Building Python package in '/home/kimjunil/ros2_ws/src/my_first_ros_pkg'
[0.421s] INFO:colcon.colcon_core.shell:Skip shell extension 'powershell' for command environment: Not usable outside of PowerShell
[0.421s] DEBUG:colcon.colcon_core.shell:Skip shell extension 'dsv' for command environment
[0.596s] INFO:colcon.colcon_core.task.python.build:Building Python package in '/home/kimjunil/ros2_ws/src/ros2_pro'
[0.596s] INFO:colcon.colcon_core.shell:Skip shell extension 'powershell' for command environment: Not usable outside of PowerShell
[0.596s] DEBUG:colcon.colcon_core.shell:Skip shell extension 'dsv' for command environment
[0.852s] DEBUG:colcon.colcon_core.event_handler.log_command:Invoking command in '/home/kimjunil/ros2_ws/build/my_first_ros_pkg': PYTHONPATH=/home/kimjunil/ros2_ws/build/my_first_ros_pkg/prefix_override:/usr/lib/python3/dist-packages/colcon_core/task/python/colcon_distutils_commands:/home/kimjunil/ros2_ws/install/my_first_ros_pkg/lib/python3.10/site-packages:${PYTHONPATH} /usr/bin/python3 -W ignore:setup.py install is deprecated setup.py develop --editable --build-directory /home/kimjunil/ros2_ws/build/my_first_ros_pkg/build --no-deps symlink_data
[0.857s] DEBUG:colcon.colcon_core.event_handler.log_command:Invoking command in '/home/kimjunil/ros2_ws/build/ros2_pro': PYTHONPATH=/home/kimjunil/ros2_ws/build/ros2_pro/prefix_override:/usr/lib/python3/dist-packages/colcon_core/task/python/colcon_distutils_commands:/home/kimjunil/ros2_ws/install/ros2_pro/lib/python3.10/site-packages:${PYTHONPATH} /usr/bin/python3 -W ignore:setup.py install is deprecated setup.py develop --editable --build-directory /home/kimjunil/ros2_ws/build/ros2_pro/build --no-deps symlink_data
[1.171s] Level 1:colcon.colcon_core.shell:create_environment_hook('my_first_ros_pkg', 'pythonpath_develop')
[1.172s] DEBUG:colcon.colcon_core.event_handler.log_command:Invoked command in '/home/kimjunil/ros2_ws/build/my_first_ros_pkg' returned '0': PYTHONPATH=/home/kimjunil/ros2_ws/build/my_first_ros_pkg/prefix_override:/usr/lib/python3/dist-packages/colcon_core/task/python/colcon_distutils_commands:/home/kimjunil/ros2_ws/install/my_first_ros_pkg/lib/python3.10/site-packages:${PYTHONPATH} /usr/bin/python3 -W ignore:setup.py install is deprecated setup.py develop --editable --build-directory /home/kimjunil/ros2_ws/build/my_first_ros_pkg/build --no-deps symlink_data
[1.172s] INFO:colcon.colcon_core.shell:Creating environment hook '/home/kimjunil/ros2_ws/build/my_first_ros_pkg/share/my_first_ros_pkg/hook/pythonpath_develop.ps1'
[1.173s] INFO:colcon.colcon_core.shell:Creating environment descriptor '/home/kimjunil/ros2_ws/build/my_first_ros_pkg/share/my_first_ros_pkg/hook/pythonpath_develop.dsv'
[1.173s] INFO:colcon.colcon_core.shell:Creating environment hook '/home/kimjunil/ros2_ws/build/my_first_ros_pkg/share/my_first_ros_pkg/hook/pythonpath_develop.sh'
[1.175s] Level 1:colcon.colcon_core.environment:checking '/home/kimjunil/ros2_ws/install/my_first_ros_pkg' for CMake module files
[1.175s] Level 1:colcon.colcon_core.environment:checking '/home/kimjunil/ros2_ws/install/my_first_ros_pkg' for CMake config files
[1.176s] Level 1:colcon.colcon_core.environment:checking '/home/kimjunil/ros2_ws/install/my_first_ros_pkg/lib'
[1.176s] Level 1:colcon.colcon_core.environment:checking '/home/kimjunil/ros2_ws/install/my_first_ros_pkg/bin'
[1.176s] Level 1:colcon.colcon_core.environment:checking '/home/kimjunil/ros2_ws/install/my_first_ros_pkg/lib/pkgconfig/my_first_ros_pkg.pc'
[1.176s] Level 1:colcon.colcon_core.environment:checking '/home/kimjunil/ros2_ws/install/my_first_ros_pkg/lib/python3.10/site-packages'
[1.176s] Level 1:colcon.colcon_core.shell:create_environment_hook('my_first_ros_pkg', 'pythonpath')
[1.176s] INFO:colcon.colcon_core.shell:Creating environment hook '/home/kimjunil/ros2_ws/install/my_first_ros_pkg/share/my_first_ros_pkg/hook/pythonpath.ps1'
[1.177s] INFO:colcon.colcon_core.shell:Creating environment descriptor '/home/kimjunil/ros2_ws/install/my_first_ros_pkg/share/my_first_ros_pkg/hook/pythonpath.dsv'
[1.177s] INFO:colcon.colcon_core.shell:Creating environment hook '/home/kimjunil/ros2_ws/install/my_first_ros_pkg/share/my_first_ros_pkg/hook/pythonpath.sh'
[1.177s] Level 1:colcon.colcon_core.environment:checking '/home/kimjunil/ros2_ws/install/my_first_ros_pkg/bin'
[1.177s] Level 1:colcon.colcon_core.environment:create_environment_scripts_only(my_first_ros_pkg)
[1.178s] INFO:colcon.colcon_core.shell:Creating package script '/home/kimjunil/ros2_ws/install/my_first_ros_pkg/share/my_first_ros_pkg/package.ps1'
[1.178s] INFO:colcon.colcon_core.shell:Creating package descriptor '/home/kimjunil/ros2_ws/install/my_first_ros_pkg/share/my_first_ros_pkg/package.dsv'
[1.179s] INFO:colcon.colcon_core.shell:Creating package script '/home/kimjunil/ros2_ws/install/my_first_ros_pkg/share/my_first_ros_pkg/package.sh'
[1.179s] INFO:colcon.colcon_core.shell:Creating package script '/home/kimjunil/ros2_ws/install/my_first_ros_pkg/share/my_first_ros_pkg/package.bash'
[1.180s] INFO:colcon.colcon_core.shell:Creating package script '/home/kimjunil/ros2_ws/install/my_first_ros_pkg/share/my_first_ros_pkg/package.zsh'
[1.180s] Level 1:colcon.colcon_core.environment:create_file_with_runtime_dependencies(/home/kimjunil/ros2_ws/install/my_first_ros_pkg/share/colcon-core/packages/my_first_ros_pkg)
[1.181s] Level 1:colcon.colcon_core.shell:create_environment_hook('ros2_pro', 'pythonpath_develop')
[1.181s] INFO:colcon.colcon_core.shell:Creating environment hook '/home/kimjunil/ros2_ws/build/ros2_pro/share/ros2_pro/hook/pythonpath_develop.ps1'
[1.182s] INFO:colcon.colcon_core.shell:Creating environment descriptor '/home/kimjunil/ros2_ws/build/ros2_pro/share/ros2_pro/hook/pythonpath_develop.dsv'
[1.182s] DEBUG:colcon.colcon_core.event_handler.log_command:Invoked command in '/home/kimjunil/ros2_ws/build/ros2_pro' returned '0': PYTHONPATH=/home/kimjunil/ros2_ws/build/ros2_pro/prefix_override:/usr/lib/python3/dist-packages/colcon_core/task/python/colcon_distutils_commands:/home/kimjunil/ros2_ws/install/ros2_pro/lib/python3.10/site-packages:${PYTHONPATH} /usr/bin/python3 -W ignore:setup.py install is deprecated setup.py develop --editable --build-directory /home/kimjunil/ros2_ws/build/ros2_pro/build --no-deps symlink_data
[1.182s] INFO:colcon.colcon_core.shell:Creating environment hook '/home/kimjunil/ros2_ws/build/ros2_pro/share/ros2_pro/hook/pythonpath_develop.sh'
[1.183s] Level 1:colcon.colcon_core.environment:checking '/home/kimjunil/ros2_ws/install/ros2_pro' for CMake module files
[1.183s] Level 1:colcon.colcon_core.environment:checking '/home/kimjunil/ros2_ws/install/ros2_pro' for CMake config files
[1.183s] Level 1:colcon.colcon_core.environment:checking '/home/kimjunil/ros2_ws/install/ros2_pro/lib'
[1.183s] Level 1:colcon.colcon_core.environment:checking '/home/kimjunil/ros2_ws/install/ros2_pro/bin'
[1.183s] Level 1:colcon.colcon_core.environment:checking '/home/kimjunil/ros2_ws/install/ros2_pro/lib/pkgconfig/ros2_pro.pc'
[1.183s] Level 1:colcon.colcon_core.environment:checking '/home/kimjunil/ros2_ws/install/ros2_pro/lib/python3.10/site-packages'
[1.183s] Level 1:colcon.colcon_core.shell:create_environment_hook('ros2_pro', 'pythonpath')
[1.184s] INFO:colcon.colcon_core.shell:Creating environment hook '/home/kimjunil/ros2_ws/install/ros2_pro/share/ros2_pro/hook/pythonpath.ps1'
[1.184s] INFO:colcon.colcon_core.shell:Creating environment descriptor '/home/kimjunil/ros2_ws/install/ros2_pro/share/ros2_pro/hook/pythonpath.dsv'
[1.184s] INFO:colcon.colcon_core.shell:Creating environment hook '/home/kimjunil/ros2_ws/install/ros2_pro/share/ros2_pro/hook/pythonpath.sh'
[1.184s] Level 1:colcon.colcon_core.environment:checking '/home/kimjunil/ros2_ws/install/ros2_pro/bin'
[1.184s] Level 1:colcon.colcon_core.environment:create_environment_scripts_only(ros2_pro)
[1.184s] INFO:colcon.colcon_core.shell:Creating package script '/home/kimjunil/ros2_ws/install/ros2_pro/share/ros2_pro/package.ps1'
[1.185s] INFO:colcon.colcon_core.shell:Creating package descriptor '/home/kimjunil/ros2_ws/install/ros2_pro/share/ros2_pro/package.dsv'
[1.185s] INFO:colcon.colcon_core.shell:Creating package script '/home/kimjunil/ros2_ws/install/ros2_pro/share/ros2_pro/package.sh'
[1.185s] INFO:colcon.colcon_core.shell:Creating package script '/home/kimjunil/ros2_ws/install/ros2_pro/share/ros2_pro/package.bash'
[1.185s] INFO:colcon.colcon_core.shell:Creating package script '/home/kimjunil/ros2_ws/install/ros2_pro/share/ros2_pro/package.zsh'
[1.185s] Level 1:colcon.colcon_core.environment:create_file_with_runtime_dependencies(/home/kimjunil/ros2_ws/install/ros2_pro/share/colcon-core/packages/ros2_pro)
[1.186s] DEBUG:colcon.colcon_parallel_executor.executor.parallel:closing loop
[1.186s] DEBUG:colcon.colcon_parallel_executor.executor.parallel:loop closed
[1.186s] DEBUG:colcon.colcon_parallel_executor.executor.parallel:run_until_complete finished with '0'
[1.186s] DEBUG:colcon.colcon_core.event_reactor:joining thread
[1.192s] INFO:colcon.colcon_core.plugin_system:Skipping extension 'colcon_notification.desktop_notification.terminal_notifier': Not used on non-Darwin systems
[1.192s] INFO:colcon.colcon_core.plugin_system:Skipping extension 'colcon_notification.desktop_notification.win32': Not used on non-Windows systems
[1.192s] INFO:colcon.colcon_notification.desktop_notification:Sending desktop notification using 'notify2'
[1.200s] DEBUG:colcon.colcon_core.event_reactor:joined thread
[1.201s] INFO:colcon.colcon_core.shell:Creating prefix script '/home/kimjunil/ros2_ws/install/local_setup.ps1'
[1.201s] INFO:colcon.colcon_core.shell:Creating prefix util module '/home/kimjunil/ros2_ws/install/_local_setup_util_ps1.py'
[1.202s] INFO:colcon.colcon_core.shell:Creating prefix chain script '/home/kimjunil/ros2_ws/install/setup.ps1'
[1.203s] INFO:colcon.colcon_core.shell:Creating prefix script '/home/kimjunil/ros2_ws/install/local_setup.sh'
[1.203s] INFO:colcon.colcon_core.shell:Creating prefix util module '/home/kimjunil/ros2_ws/install/_local_setup_util_sh.py'
[1.203s] INFO:colcon.colcon_core.shell:Creating prefix chain script '/home/kimjunil/ros2_ws/install/setup.sh'
[1.204s] INFO:colcon.colcon_core.shell:Creating prefix script '/home/kimjunil/ros2_ws/install/local_setup.bash'
[1.204s] INFO:colcon.colcon_core.shell:Creating prefix chain script '/home/kimjunil/ros2_ws/install/setup.bash'
[1.205s] INFO:colcon.colcon_core.shell:Creating prefix script '/home/kimjunil/ros2_ws/install/local_setup.zsh'
[1.205s] INFO:colcon.colcon_core.shell:Creating prefix chain script '/home/kimjunil/ros2_ws/install/setup.zsh'
